<?xml version="1.0" encoding="UTF-8"?>
<testsuite xmlns:xsi="http://www.w3.org/2001/XMLSchema-instance" xsi:noNamespaceSchemaLocation="https://maven.apache.org/surefire/maven-surefire-plugin/xsd/surefire-test-report-3.0.xsd" version="3.0" name="UserDaoTest" time="0.883" tests="10" errors="0" skipped="0" failures="0">
  <properties>
[...]
</properties>
  <testcase name="getAllUsers_ShouldReturnEmptyList" classname="UserDaoTest" time="0.804"/>
  <testcase name="save_ShouldPersistUser" classname="UserDaoTest" time="0.009">
    <system-out><![CDATA[01:58:17.950 [main] INFO  dao.UserDaoImpl - Пользователь test@example.com сохранён
]]></system-out>
  </testcase>
  <testcase name="update_ShouldMergeUser" classname="UserDaoTest" time="0.005"/>
  <testcase name="delete_ShouldRemoveUser" classname="UserDaoTest" time="0.006">
    <system-out><![CDATA[01:58:17.967 [main] INFO  dao.UserDaoImpl - User test@example.com deleted successfully
]]></system-out>
  </testcase>
  <testcase name="delete_ShouldMergeAndRemoveDetachedUser" classname="UserDaoTest" time="0.005">
    <system-out><![CDATA[01:58:17.973 [main] INFO  dao.UserDaoImpl - User test@example.com deleted successfully
]]></system-out>
  </testcase>
  <testcase name="findById_ShouldReturnUser" classname="UserDaoTest" time="0.005"/>
  <testcase name="getAllUsers_ShouldReturnUsers" classname="UserDaoTest" time="0.005"/>
  <testcase name="findById_ShouldThrowOnInvalidId" classname="UserDaoTest" time="0.004"/>
  <testcase name="update_ShouldThrowOnNullUser" classname="UserDaoTest" time="0.002"/>
  <testcase name="save_ShouldRollbackOnException" classname="UserDaoTest" time="0.005"/>
</testsuite>